mode: set
/home/stud2018/8kubiszyn/Desktop/GO/lab8/functions.go:9.56,11.17 2 1
/home/stud2018/8kubiszyn/Desktop/GO/lab8/functions.go:17.2,18.21 2 1
/home/stud2018/8kubiszyn/Desktop/GO/lab8/functions.go:11.17,13.3 1 1
/home/stud2018/8kubiszyn/Desktop/GO/lab8/functions.go:13.8,13.23 1 1
/home/stud2018/8kubiszyn/Desktop/GO/lab8/functions.go:13.23,15.3 1 1
/home/stud2018/8kubiszyn/Desktop/GO/lab8/functions.go:21.63,23.17 2 1
/home/stud2018/8kubiszyn/Desktop/GO/lab8/functions.go:29.2,32.21 3 1
/home/stud2018/8kubiszyn/Desktop/GO/lab8/functions.go:23.17,25.3 1 0
/home/stud2018/8kubiszyn/Desktop/GO/lab8/functions.go:25.8,25.23 1 1
/home/stud2018/8kubiszyn/Desktop/GO/lab8/functions.go:25.23,27.3 1 0
/home/stud2018/8kubiszyn/Desktop/GO/lab8/functions.go:35.48,38.29 3 1
/home/stud2018/8kubiszyn/Desktop/GO/lab8/functions.go:43.2,43.27 1 1
/home/stud2018/8kubiszyn/Desktop/GO/lab8/functions.go:38.29,39.17 1 1
/home/stud2018/8kubiszyn/Desktop/GO/lab8/functions.go:39.17,41.4 1 1
/home/stud2018/8kubiszyn/Desktop/GO/lab8/functions.go:46.37,48.2 1 1
/home/stud2018/8kubiszyn/Desktop/GO/lab8/functions.go:50.45,53.2 1 1
/home/stud2018/8kubiszyn/Desktop/GO/lab8/functions.go:55.56,58.29 3 1
/home/stud2018/8kubiszyn/Desktop/GO/lab8/functions.go:61.2,61.26 1 1
/home/stud2018/8kubiszyn/Desktop/GO/lab8/functions.go:58.29,60.3 1 1
/home/stud2018/8kubiszyn/Desktop/GO/lab8/functions.go:64.48,67.29 3 1
/home/stud2018/8kubiszyn/Desktop/GO/lab8/functions.go:79.2,80.19 2 1
/home/stud2018/8kubiszyn/Desktop/GO/lab8/functions.go:67.29,69.38 2 1
/home/stud2018/8kubiszyn/Desktop/GO/lab8/functions.go:75.3,75.16 1 1
/home/stud2018/8kubiszyn/Desktop/GO/lab8/functions.go:69.38,70.42 1 1
/home/stud2018/8kubiszyn/Desktop/GO/lab8/functions.go:70.42,72.10 2 1
/home/stud2018/8kubiszyn/Desktop/GO/lab8/functions.go:75.16,77.4 1 1
